spelling error for: **www**
spelling error for: **sNKK**
spelling error for: **aGjlWyK**
spelling error for: **dTINen**
spelling error for: **vrzLADbmYQaionwg**
spelling error for: **sDW**
spelling error for: **oaM**
spelling error for: **tdezXMm**
spelling error for: **twIDAQAB**
spelling error for: **piyn**
spelling error for: **gDEShJSg**
spelling error for: **nzGpXnMbXPeQDzNfx**
spelling error for: **wD**
spelling error for: **zx**
spelling error for: **qRQ**
spelling error for: **txt**
spelling error for: **hdr**
spelling error for: **sgml**
spelling error for: **bws**
spelling error for: **bws**
spelling error for: **bws**
spelling error for: **jpg**
spelling error for: **nancial**
spelling error for: **expla**
spelling error for: **adidas**
spelling error for: **souri**
spelling error for: **arget**
spelling error for: **multi**
spelling error for: **multi**
spelling error for: **multi**
spelling error for: **nonbranded**
spelling error for: **intersegment**
spelling error for: **ownershi**
spelling error for: **lectively**
spelling error for: **footw**
spelling error for: **eyewear**
spelling error for: **multi**
spelling error for: **eyewear**
spelling error for: **multi**
spelling error for: **oup**
spelling error for: **nationa**
spelling error for: **multi**
spelling error for: **rykä**
spelling error for: **rykä**
spelling error for: **rykä**
spelling error for: **th**
spelling error for: **ke**
spelling error for: **ep**
spelling error for: **signi**
spelling error for: **ficantly**
spelling error for: **recal**
spelling error for: **aterial**
spelling error for: **cou**
spelling error for: **ld**
spelling error for: **timeline**
spelling error for: **licensors**
spelling error for: **erational**
spelling error for: **egatively**
spelling error for: **bws**
spelling error for: **jpg**
spelling error for: **conte**
spelling error for: **mporary**
spelling error for: **rykä**
spelling error for: **weaknes**
spelling error for: **noncontrolling**
spelling error for: **rykä**
spelling error for: **noncontrolling**
spelling error for: **mfort**
spelling error for: **reflectin**
spelling error for: **experien**
spelling error for: **ced**
spelling error for: **de**
spelling error for: **nonconsolidated**
spelling error for: **noncontrolling**
spelling error for: **noncontrolling**
spelling error for: **noncontrolling**
spelling error for: **noncontrolling**
spelling error for: **nonrecurrence**
spelling error for: **unallocated**
spelling error for: **increa**
spelling error for: **sed**
spelling error for: **de**
spelling error for: **nonconsolidated**
spelling error for: **noncontrolling**
spelling error for: **noncontrolling**
spelling error for: **outstan**
spelling error for: **noncontrolling**
spelling error for: **noncontrolling**
spelling error for: **nonrecurrence**
spelling error for: **quare**
spelling error for: **nonrecurrence**
spelling error for: **unallocated**
spelling error for: **obligor**
spelling error for: **noncontrolling**
spelling error for: **noncontrolling**
spelling error for: **th**
spelling error for: **unredeemed**
spelling error for: **unremitted**
spelling error for: **nformation**
spelling error for: **retentions**
spelling error for: **underperforming**
spelling error for: **descrip**
spelling error for: **tion**
spelling error for: **th**
spelling error for: **noncontrolling**
spelling error for: **noncontrolling**
spelling error for: **noncontrolling**
spelling error for: **noncontrolling**
spelling error for: **additi**
spelling error for: **onal**
spelling error for: **noncontrolling**
spelling error for: **noncontrolling**
spelling error for: **noncontrolling**
spelling error for: **noncontrolling**
spelling error for: **noncurrent**
spelling error for: **respecti**
spelling error for: **vely**
spelling error for: **unredeemed**
spelling error for: **sa**
spelling error for: **les**
spelling error for: **redemp**
spelling error for: **tion**
spelling error for: **underperforming**
spelling error for: **underperforming**
spelling error for: **milli**
spelling error for: **unvested**
spelling error for: **forfeitable**
spelling error for: **perfor**
spelling error for: **mance**
spelling error for: **ratably**
spelling error for: **benefi**
spelling error for: **ciary**
spelling error for: **th**
spelling error for: **forma**
spelling error for: **forma**
spelling error for: **forma**
spelling error for: **mbinations**
spelling error for: **noncontrolling**
spelling error for: **noncontrolling**
spelling error for: **noncontrolling**
spelling error for: **rykä**
spelling error for: **noncash**
spelling error for: **noncash**
spelling error for: **nnual**
spelling error for: **tyle**
spelling error for: **gra**
spelling error for: **ntor**
spelling error for: **unremitted**
spelling error for: **unremitted**
spelling error for: **unremitted**
spelling error for: **nonconsolidated**
spelling error for: **intersegment**
spelling error for: **se**
spelling error for: **lling**
spelling error for: **noncurrent**
spelling error for: **espectively**
spelling error for: **additi**
spelling error for: **onal**
spelling error for: **liance**
spelling error for: **obligor**
spelling error for: **noncancelable**
spelling error for: **underperformance**
spelling error for: **nd**
spelling error for: **averag**
spelling error for: **ratably**
spelling error for: **emeasured**
spelling error for: **ongguo**
spelling error for: **tallation**
spelling error for: **workplan**
spelling error for: **bioremediation**
spelling error for: **workplan**
spelling error for: **workplan**
spelling error for: **remediations**
spelling error for: **noncontrolling**
spelling error for: **monthl**
spelling error for: **nd**
spelling error for: **resubstitution**
