spelling error for: **www**
spelling error for: **sNKK**
spelling error for: **aGjlWyK**
spelling error for: **dTINen**
spelling error for: **vrzLADbmYQaionwg**
spelling error for: **sDW**
spelling error for: **oaM**
spelling error for: **tdezXMm**
spelling error for: **twIDAQAB**
spelling error for: **rGw**
spelling error for: **qvQ**
spelling error for: **kEKLu**
spelling error for: **wQFkwzxDOnzAWTpef**
spelling error for: **cP**
spelling error for: **xiCG**
spelling error for: **qIrGE**
spelling error for: **iJzJR**
spelling error for: **ldBE**
spelling error for: **txt**
spelling error for: **hdr**
spelling error for: **sgml**
spelling error for: **brunswick**
spelling error for: **jpg**
spelling error for: **sterndrive**
spelling error for: **sportfishing**
spelling error for: **motoryachts**
spelling error for: **sterndrive**
spelling error for: **sterndrive**
spelling error for: **nd**
spelling error for: **sterndrive**
spelling error for: **sterndrive**
spelling error for: **sterndrive**
spelling error for: **du**
spelling error for: **remanufacturing**
spelling error for: **ne**
spelling error for: **sportfishing**
spelling error for: **motoryachts**
spelling error for: **sportfishing**
spelling error for: **sportfishing**
spelling error for: **motoryachts**
spelling error for: **motoryachts**
spelling error for: **sterndrive**
spelling error for: **rine**
spelling error for: **fibergla**
spelling error for: **ss**
spelling error for: **multi**
spelling error for: **ers**
spelling error for: **floorplan**
spelling error for: **busines**
spelling error for: **powerheads**
spelling error for: **impleme**
spelling error for: **ntation**
spelling error for: **du**
spelling error for: **ers**
spelling error for: **subprime**
spelling error for: **ersonal**
spelling error for: **floorplan**
spelling error for: **fina**
spelling error for: **nced**
spelling error for: **floorplan**
spelling error for: **securitization**
spelling error for: **floorplan**
spelling error for: **securitization**
spelling error for: **floorplan**
spelling error for: **inancing**
spelling error for: **boatbuilder**
spelling error for: **financings**
spelling error for: **floorplan**
spelling error for: **sterndrive**
spelling error for: **du**
spelling error for: **timeframe**
spelling error for: **der**
spelling error for: **workforces**
spelling error for: **tinued**
spelling error for: **th**
spelling error for: **aff**
spelling error for: **ect**
spelling error for: **cha**
spelling error for: **nging**
spelling error for: **si**
spelling error for: **gnificant**
spelling error for: **nd**
spelling error for: **sterndrive**
spelling error for: **adve**
spelling error for: **rse**
spelling error for: **intelle**
spelling error for: **ctual**
spelling error for: **fai**
spelling error for: **bowli**
spelling error for: **ng**
spelling error for: **ualified**
spelling error for: **du**
spelling error for: **de**
spelling error for: **de**
spelling error for: **ity**
spelling error for: **jpg**
spelling error for: **onsolidation**
spelling error for: **reven**
spelling error for: **ues**
spelling error for: **bpts**
spelling error for: **compa**
spelling error for: **le**
spelling error for: **ss**
spelling error for: **sterndrive**
spelling error for: **du**
spelling error for: **du**
spelling error for: **postre**
spelling error for: **tirement**
spelling error for: **aluation**
spelling error for: **sterndrive**
spelling error for: **sterndrive**
spelling error for: **du**
spelling error for: **bpts**
spelling error for: **bpts**
spelling error for: **reba**
spelling error for: **te**
spelling error for: **ofit**
spelling error for: **du**
spelling error for: **du**
spelling error for: **du**
spelling error for: **du**
spelling error for: **hich**
spelling error for: **issuances**
spelling error for: **illion**
spelling error for: **ratably**
spelling error for: **ag**
spelling error for: **reement**
spelling error for: **nder**
spelling error for: **securitization**
spelling error for: **pect**
spelling error for: **securitized**
spelling error for: **securitization**
spelling error for: **milli**
spelling error for: **sterndrive**
spelling error for: **mply**
spelling error for: **uncollectible**
spelling error for: **ollectability**
spelling error for: **impai**
spelling error for: **rment**
spelling error for: **herent**
spelling error for: **realizability**
spelling error for: **bal**
spelling error for: **ances**
spelling error for: **issuances**
spelling error for: **futur**
spelling error for: **forint**
spelling error for: **liabili**
spelling error for: **ty**
spelling error for: **pre**
spelling error for: **cha**
spelling error for: **rged**
spelling error for: **uncollectible**
spelling error for: **erm**
spelling error for: **spectively**
spelling error for: **ife**
spelling error for: **xceeds**
spelling error for: **impai**
spelling error for: **rment**
spelling error for: **herent**
spelling error for: **sa**
spelling error for: **le**
spelling error for: **remeasurement**
spelling error for: **issuances**
spelling error for: **rollforward**
spelling error for: **futur**
spelling error for: **sterndrive**
spelling error for: **du**
spelling error for: **du**
spelling error for: **ditional**
spelling error for: **sterndrive**
spelling error for: **redemptions**
spelling error for: **condi**
spelling error for: **tion**
spelling error for: **securitization**
spelling error for: **pect**
spelling error for: **securitized**
spelling error for: **securitization**
spelling error for: **ome**
spelling error for: **unconsolidat**
spelling error for: **subje**
spelling error for: **unde**
spelling error for: **majori**
spelling error for: **ty**
spelling error for: **transacti**
spelling error for: **ons**
spelling error for: **forint**
spelling error for: **posi**
spelling error for: **tion**
spelling error for: **ratably**
spelling error for: **greement**
spelling error for: **du**
spelling error for: **du**
spelling error for: **du**
spelling error for: **ipal**
spelling error for: **du**
spelling error for: **repurch**
spelling error for: **ased**
spelling error for: **multiemployer**
spelling error for: **healthcare**
spelling error for: **pre**
spelling error for: **stra**
spelling error for: **tegy**
spelling error for: **nd**
spelling error for: **securi**
spelling error for: **redemptions**
spelling error for: **postemployment**
spelling error for: **rata**
