spelling error for: **www**
spelling error for: **sNKK**
spelling error for: **aGjlWyK**
spelling error for: **dTINen**
spelling error for: **vrzLADbmYQaionwg**
spelling error for: **sDW**
spelling error for: **oaM**
spelling error for: **tdezXMm**
spelling error for: **twIDAQAB**
spelling error for: **bsuBjmwAh**
spelling error for: **yfWjHsRaSQBuz**
spelling error for: **zmwahl**
spelling error for: **kpBZIbptz**
spelling error for: **txt**
spelling error for: **hdr**
spelling error for: **sgml**
spelling error for: **jpg**
spelling error for: **sual**
spelling error for: **br**
spelling error for: **oadband**
spelling error for: **www**
spelling error for: **ployees**
spelling error for: **servi**
spelling error for: **ces**
spelling error for: **voicemail**
spelling error for: **wireline**
spelling error for: **quired**
spelling error for: **facilitie**
spelling error for: **tariffed**
spelling error for: **tariffed**
spelling error for: **intra**
spelling error for: **unbundled**
spelling error for: **unbundled**
spelling error for: **financings**
spelling error for: **inte**
spelling error for: **rconnection**
spelling error for: **imit**
spelling error for: **multi**
spelling error for: **ernative**
spelling error for: **intercarrier**
spelling error for: **tariffed**
spelling error for: **intra**
spelling error for: **fre**
spelling error for: **quencies**
spelling error for: **intercarrier**
spelling error for: **intercarrier**
spelling error for: **intercarrier**
spelling error for: **intercarrier**
spelling error for: **intercarrier**
spelling error for: **intercarrier**
spelling error for: **acy**
spelling error for: **unserved**
spelling error for: **underserved**
spelling error for: **unserved**
spelling error for: **underserved**
spelling error for: **mpetition**
spelling error for: **intercarrier**
spelling error for: **interexchange**
spelling error for: **han**
spelling error for: **unserved**
spelling error for: **underserved**
spelling error for: **ond**
spelling error for: **fu**
spelling error for: **ture**
spelling error for: **wireline**
spelling error for: **eceiving**
spelling error for: **multipoint**
spelling error for: **landline**
spelling error for: **landline**
spelling error for: **unbundled**
spelling error for: **propert**
spelling error for: **unbundling**
spelling error for: **unbundled**
spelling error for: **roviders**
spelling error for: **wireline**
spelling error for: **wireline**
spelling error for: **wireline**
spelling error for: **unreason**
spelling error for: **wireline**
spelling error for: **intercarrier**
spelling error for: **tha**
spelling error for: **intra**
spelling error for: **intra**
spelling error for: **intra**
spelling error for: **resellers**
spelling error for: **regulat**
spelling error for: **wireline**
spelling error for: **detariff**
spelling error for: **tariffing**
spelling error for: **traffi**
spelling error for: **ommunications**
spelling error for: **rollout**
spelling error for: **resellers**
spelling error for: **hurric**
spelling error for: **anes**
spelling error for: **resellers**
spelling error for: **rece**
spelling error for: **nt**
spelling error for: **reso**
spelling error for: **urces**
spelling error for: **contem**
spelling error for: **agains**
spelling error for: **interexchange**
spelling error for: **reseller**
spelling error for: **reseller**
spelling error for: **ly**
spelling error for: **remediate**
spelling error for: **acce**
spelling error for: **ss**
spelling error for: **pendency**
spelling error for: **pendency**
spelling error for: **pendency**
spelling error for: **rebranding**
spelling error for: **rebranding**
spelling error for: **espective**
spelling error for: **asso**
spelling error for: **ciated**
spelling error for: **changin**
spelling error for: **pre**
spelling error for: **igations**
spelling error for: **intercarrier**
spelling error for: **intercarrier**
spelling error for: **availabl**
spelling error for: **rulemakings**
spelling error for: **br**
spelling error for: **oadband**
spelling error for: **effecti**
spelling error for: **ve**
spelling error for: **depe**
spelling error for: **nd**
spelling error for: **aws**
spelling error for: **restricti**
spelling error for: **ons**
spelling error for: **financings**
spelling error for: **posi**
spelling error for: **tion**
spelling error for: **hangingindent**
spelling error for: **ent**
spelling error for: **ered**
spelling error for: **et**
spelling error for: **al**
spelling error for: **et**
spelling error for: **al**
spelling error for: **llegations**
spelling error for: **referr**
spelling error for: **noncontrolling**
spelling error for: **noncontrolling**
spelling error for: **includi**
spelling error for: **ng**
spelling error for: **intercarrier**
spelling error for: **decreas**
spelling error for: **wireline**
spelling error for: **tariffed**
spelling error for: **intrasta**
spelling error for: **te**
spelling error for: **interexchange**
spelling error for: **evenues**
spelling error for: **milli**
spelling error for: **nonoperating**
spelling error for: **pre**
spelling error for: **pre**
spelling error for: **pre**
spelling error for: **pre**
spelling error for: **nonoperating**
spelling error for: **pre**
spelling error for: **regardin**
spelling error for: **criti**
spelling error for: **instal**
spelling error for: **lation**
spelling error for: **uncollectible**
spelling error for: **ra**
spelling error for: **te**
spelling error for: **rkets**
spelling error for: **pre**
spelling error for: **mpact**
spelling error for: **requ**
spelling error for: **ired**
spelling error for: **faci**
spelling error for: **lity**
spelling error for: **curr**
spelling error for: **ent**
spelling error for: **da**
spelling error for: **acquisitio**
spelling error for: **ns**
spelling error for: **ur**
spelling error for: **financings**
spelling error for: **landline**
spelling error for: **unserved**
spelling error for: **underserved**
spelling error for: **cr**
spelling error for: **intercarrier**
spelling error for: **intercarrier**
spelling error for: **intercarrier**
spelling error for: **intercarrier**
spelling error for: **outcom**
spelling error for: **intercarrier**
spelling error for: **deprec**
spelling error for: **iation**
spelling error for: **ret**
spelling error for: **ou**
spelling error for: **unbilled**
spelling error for: **serv**
spelling error for: **hether**
spelling error for: **uncollectible**
spelling error for: **reporti**
spelling error for: **ng**
spelling error for: **overfunded**
spelling error for: **fo**
spelling error for: **rmally**
spelling error for: **ormation**
spelling error for: **pre**
spelling error for: **iated**
spelling error for: **pe**
spelling error for: **rformed**
spelling error for: **forma**
spelling error for: **remeasurement**
spelling error for: **forma**
spelling error for: **forma**
spelling error for: **th**
spelling error for: **ose**
spelling error for: **forma**
spelling error for: **reacquisition**
spelling error for: **ratably**
spelling error for: **ratably**
spelling error for: **extinguishments**
spelling error for: **pre**
spelling error for: **pre**
spelling error for: **pre**
spelling error for: **issuances**
spelling error for: **noncontrolling**
spelling error for: **noncontrolling**
spelling error for: **noncontrolling**
spelling error for: **td**
spelling error for: **px**
spelling error for: **utiliz**
spelling error for: **tock**
spelling error for: **ret**
spelling error for: **recogni**
spelling error for: **nonregulated**
spelling error for: **pre**
spelling error for: **pre**
spelling error for: **pre**
spelling error for: **agreeme**
spelling error for: **nts**
spelling error for: **et**
spelling error for: **al**
spelling error for: **et**
spelling error for: **al**
spelling error for: **referr**
spelling error for: **di**
spelling error for: **scharge**
spelling error for: **pre**
spelling error for: **pre**
spelling error for: **pre**
spelling error for: **pre**
spelling error for: **pre**
spelling error for: **extinguishments**
spelling error for: **pre**
spelling error for: **pre**
spelling error for: **pre**
spelling error for: **pre**
spelling error for: **ccrued**
spelling error for: **th**
