spelling error for: **www**
spelling error for: **sNKK**
spelling error for: **aGjlWyK**
spelling error for: **dTINen**
spelling error for: **vrzLADbmYQaionwg**
spelling error for: **sDW**
spelling error for: **oaM**
spelling error for: **tdezXMm**
spelling error for: **twIDAQAB**
spelling error for: **zpU**
spelling error for: **tW**
spelling error for: **bpp**
spelling error for: **txt**
spelling error for: **hdr**
spelling error for: **sgml**
spelling error for: **bwk**
spelling error for: **bwk**
spelling error for: **bwk**
spelling error for: **jpg**
spelling error for: **adidas**
spelling error for: **poin**
spelling error for: **argets**
spelling error for: **multi**
spelling error for: **multi**
spelling error for: **nonbranded**
spelling error for: **intersegment**
spelling error for: **rands**
spelling error for: **lectively**
spelling error for: **ata**
spelling error for: **eyewear**
spelling error for: **brella**
spelling error for: **icensed**
spelling error for: **de**
spelling error for: **partment**
spelling error for: **eyewear**
spelling error for: **athleti**
spelling error for: **ments**
spelling error for: **th**
spelling error for: **icated**
spelling error for: **healthcare**
spelling error for: **ke**
spelling error for: **ep**
spelling error for: **si**
spelling error for: **gnificantly**
spelling error for: **recal**
spelling error for: **ffect**
spelling error for: **licensors**
spelling error for: **ailable**
spelling error for: **erational**
spelling error for: **bwk**
spelling error for: **jpg**
spelling error for: **expens**
spelling error for: **lecting**
spelling error for: **motional**
spelling error for: **de**
spelling error for: **de**
spelling error for: **de**
spelling error for: **nonconsolidated**
spelling error for: **noncontrolling**
spelling error for: **noncontrolling**
spelling error for: **nonrecurrence**
spelling error for: **unallocated**
spelling error for: **gie**
spelling error for: **de**
spelling error for: **de**
spelling error for: **de**
spelling error for: **nonconsolidated**
spelling error for: **noncontrolling**
spelling error for: **noncontrolling**
spelling error for: **financi**
spelling error for: **al**
spelling error for: **preopening**
spelling error for: **nonrecurrence**
spelling error for: **nonrecurrence**
spelling error for: **unallocated**
spelling error for: **consecutiv**
spelling error for: **obligor**
spelling error for: **th**
spelling error for: **unredeemed**
spelling error for: **upo**
spelling error for: **unremitted**
spelling error for: **retentions**
spelling error for: **stimates**
spelling error for: **underperforming**
spelling error for: **descrip**
spelling error for: **tion**
spelling error for: **noncontrolling**
spelling error for: **additi**
spelling error for: **onal**
spelling error for: **noncontrolling**
spelling error for: **noncontrolling**
spelling error for: **noncontrolling**
spelling error for: **grante**
spelling error for: **noncurrent**
spelling error for: **unredeemed**
spelling error for: **redem**
spelling error for: **ption**
spelling error for: **underperforming**
spelling error for: **reco**
spelling error for: **rded**
spelling error for: **unvested**
spelling error for: **forfeitable**
spelling error for: **adoptio**
spelling error for: **noncontrolling**
spelling error for: **noncontrolling**
spelling error for: **recharacterized**
spelling error for: **noncontrolling**
spelling error for: **noncontrolling**
spelling error for: **requiremen**
spelling error for: **noncontrolling**
spelling error for: **unvested**
spelling error for: **forfeitable**
spelling error for: **terial**
spelling error for: **charg**
spelling error for: **noncash**
spelling error for: **healthcare**
spelling error for: **noncash**
spelling error for: **noncash**
spelling error for: **mana**
spelling error for: **ger**
spelling error for: **fai**
spelling error for: **unallocated**
spelling error for: **unallocated**
spelling error for: **gra**
spelling error for: **ntor**
spelling error for: **unremitted**
spelling error for: **unremitted**
spelling error for: **unremitted**
spelling error for: **nonconsolidated**
spelling error for: **intersegment**
spelling error for: **se**
spelling error for: **lling**
spelling error for: **nonconsolidated**
spelling error for: **noncurrent**
spelling error for: **excee**
spelling error for: **ds**
spelling error for: **obligor**
spelling error for: **belo**
spelling error for: **noncancelable**
spelling error for: **underperformance**
spelling error for: **aining**
spelling error for: **noncurrent**
spelling error for: **millio**
spelling error for: **stallation**
spelling error for: **workplan**
spelling error for: **bioremediation**
spelling error for: **workplan**
spelling error for: **expe**
spelling error for: **cts**
spelling error for: **remediations**
spelling error for: **noncurrent**
spelling error for: **remediations**
spelling error for: **noncurrent**
spelling error for: **resubstitution**
